[08:07:13] [ServerMain/WARN]: resource-pack-id missing, using default of 6db8df38-91ea-3c7a-b838-7b65981e1e95
[08:07:13] [ServerMain/INFO]: Environment: Environment[sessionHost=https://sessionserver.mojang.com, servicesHost=https://api.minecraftservices.com, name=PROD]
[08:07:14] [Worker-Main-1/ERROR]: Couldn't parse data file 'minecraft:baked_potato_from_campfire_cooking' from 'minecraft:recipe/baked_potato_from_campfire_cooking.json': DataResult.Error['Input does not contain a key [type]: MapLike[{}]']
[08:07:14] [Worker-Main-1/ERROR]: Couldn't parse data file 'minecraft:baked_potato_from_smoking' from 'minecraft:recipe/baked_potato_from_smoking.json': DataResult.Error['Input does not contain a key [type]: MapLike[{}]']
[08:07:14] [Worker-Main-1/ERROR]: Couldn't parse data file 'minecraft:coal_from_blasting_coal_ore' from 'minecraft:recipe/coal_from_blasting_coal_ore.json': DataResult.Error['Input does not contain a key [type]: MapLike[{}]']
[08:07:14] [Worker-Main-1/ERROR]: Couldn't parse data file 'minecraft:coal_from_blasting_deepslate_coal_ore' from 'minecraft:recipe/coal_from_blasting_deepslate_coal_ore.json': DataResult.Error['Input does not contain a key [type]: MapLike[{}]']
[08:07:14] [Worker-Main-1/ERROR]: Couldn't parse data file 'minecraft:cooked_beef_from_campfire_cooking' from 'minecraft:recipe/cooked_beef_from_campfire_cooking.json': DataResult.Error['Input does not contain a key [type]: MapLike[{}]']
[08:07:14] [Worker-Main-1/ERROR]: Couldn't parse data file 'minecraft:cooked_beef_from_smoking' from 'minecraft:recipe/cooked_beef_from_smoking.json': DataResult.Error['Input does not contain a key [type]: MapLike[{}]']
[08:07:14] [Worker-Main-1/ERROR]: Couldn't parse data file 'minecraft:cooked_chicken_from_campfire_cooking' from 'minecraft:recipe/cooked_chicken_from_campfire_cooking.json': DataResult.Error['Input does not contain a key [type]: MapLike[{}]']
[08:07:14] [Worker-Main-1/ERROR]: Couldn't parse data file 'minecraft:cooked_chicken_from_smoking' from 'minecraft:recipe/cooked_chicken_from_smoking.json': DataResult.Error['Input does not contain a key [type]: MapLike[{}]']
[08:07:14] [Worker-Main-1/ERROR]: Couldn't parse data file 'minecraft:cooked_cod_from_campfire_cooking' from 'minecraft:recipe/cooked_cod_from_campfire_cooking.json': DataResult.Error['Input does not contain a key [type]: MapLike[{}]']
[08:07:14] [Worker-Main-1/ERROR]: Couldn't parse data file 'minecraft:cooked_cod_from_smoking' from 'minecraft:recipe/cooked_cod_from_smoking.json': DataResult.Error['Input does not contain a key [type]: MapLike[{}]']
[08:07:14] [Worker-Main-1/ERROR]: Couldn't parse data file 'minecraft:cooked_mutton_from_campfire_cooking' from 'minecraft:recipe/cooked_mutton_from_campfire_cooking.json': DataResult.Error['Input does not contain a key [type]: MapLike[{}]']
[08:07:14] [Worker-Main-1/ERROR]: Couldn't parse data file 'minecraft:cooked_mutton_from_smoking' from 'minecraft:recipe/cooked_mutton_from_smoking.json': DataResult.Error['Input does not contain a key [type]: MapLike[{}]']
[08:07:14] [Worker-Main-1/ERROR]: Couldn't parse data file 'minecraft:cooked_porkchop_from_campfire_cooking' from 'minecraft:recipe/cooked_porkchop_from_campfire_cooking.json': DataResult.Error['Input does not contain a key [type]: MapLike[{}]']
[08:07:14] [Worker-Main-1/ERROR]: Couldn't parse data file 'minecraft:cooked_porkchop_from_smoking' from 'minecraft:recipe/cooked_porkchop_from_smoking.json': DataResult.Error['Input does not contain a key [type]: MapLike[{}]']
[08:07:14] [Worker-Main-1/ERROR]: Couldn't parse data file 'minecraft:cooked_rabbit_from_campfire_cooking' from 'minecraft:recipe/cooked_rabbit_from_campfire_cooking.json': DataResult.Error['Input does not contain a key [type]: MapLike[{}]']
[08:07:14] [Worker-Main-1/ERROR]: Couldn't parse data file 'minecraft:cooked_rabbit_from_smoking' from 'minecraft:recipe/cooked_rabbit_from_smoking.json': DataResult.Error['Input does not contain a key [type]: MapLike[{}]']
[08:07:14] [Worker-Main-1/ERROR]: Couldn't parse data file 'minecraft:cooked_salmon_from_campfire_cooking' from 'minecraft:recipe/cooked_salmon_from_campfire_cooking.json': DataResult.Error['Input does not contain a key [type]: MapLike[{}]']
[08:07:14] [Worker-Main-1/ERROR]: Couldn't parse data file 'minecraft:cooked_salmon_from_smoking' from 'minecraft:recipe/cooked_salmon_from_smoking.json': DataResult.Error['Input does not contain a key [type]: MapLike[{}]']
[08:07:14] [Worker-Main-1/ERROR]: Couldn't parse data file 'minecraft:copper_ingot_from_blasting_copper_ore' from 'minecraft:recipe/copper_ingot_from_blasting_copper_ore.json': DataResult.Error['Input does not contain a key [type]: MapLike[{}]']
[08:07:14] [Worker-Main-1/ERROR]: Couldn't parse data file 'minecraft:copper_ingot_from_blasting_deepslate_copper_ore' from 'minecraft:recipe/copper_ingot_from_blasting_deepslate_copper_ore.json': DataResult.Error['Input does not contain a key [type]: MapLike[{}]']
[08:07:14] [Worker-Main-1/ERROR]: Couldn't parse data file 'minecraft:copper_ingot_from_blasting_raw_copper' from 'minecraft:recipe/copper_ingot_from_blasting_raw_copper.json': DataResult.Error['Input does not contain a key [type]: MapLike[{}]']
[08:07:14] [Worker-Main-1/ERROR]: Couldn't parse data file 'minecraft:diamond_from_blasting_deepslate_diamond_ore' from 'minecraft:recipe/diamond_from_blasting_deepslate_diamond_ore.json': DataResult.Error['Input does not contain a key [type]: MapLike[{}]']
[08:07:14] [Worker-Main-1/ERROR]: Couldn't parse data file 'minecraft:diamond_from_blasting_diamond_ore' from 'minecraft:recipe/diamond_from_blasting_diamond_ore.json': DataResult.Error['Input does not contain a key [type]: MapLike[{}]']
[08:07:14] [Worker-Main-1/ERROR]: Couldn't parse data file 'minecraft:dried_kelp_from_campfire_cooking' from 'minecraft:recipe/dried_kelp_from_campfire_cooking.json': DataResult.Error['Input does not contain a key [type]: MapLike[{}]']
[08:07:14] [Worker-Main-1/ERROR]: Couldn't parse data file 'minecraft:dried_kelp_from_smoking' from 'minecraft:recipe/dried_kelp_from_smoking.json': DataResult.Error['Input does not contain a key [type]: MapLike[{}]']
[08:07:14] [Worker-Main-1/ERROR]: Couldn't parse data file 'minecraft:emerald_from_blasting_deepslate_emerald_ore' from 'minecraft:recipe/emerald_from_blasting_deepslate_emerald_ore.json': DataResult.Error['Input does not contain a key [type]: MapLike[{}]']
[08:07:14] [Worker-Main-1/ERROR]: Couldn't parse data file 'minecraft:emerald_from_blasting_emerald_ore' from 'minecraft:recipe/emerald_from_blasting_emerald_ore.json': DataResult.Error['Input does not contain a key [type]: MapLike[{}]']
[08:07:14] [Worker-Main-1/ERROR]: Couldn't parse data file 'minecraft:gold_ingot_from_blasting_deepslate_gold_ore' from 'minecraft:recipe/gold_ingot_from_blasting_deepslate_gold_ore.json': DataResult.Error['Input does not contain a key [type]: MapLike[{}]']
[08:07:14] [Worker-Main-1/ERROR]: Couldn't parse data file 'minecraft:gold_ingot_from_blasting_gold_ore' from 'minecraft:recipe/gold_ingot_from_blasting_gold_ore.json': DataResult.Error['Input does not contain a key [type]: MapLike[{}]']
[08:07:14] [Worker-Main-1/ERROR]: Couldn't parse data file 'minecraft:gold_ingot_from_blasting_nether_gold_ore' from 'minecraft:recipe/gold_ingot_from_blasting_nether_gold_ore.json': DataResult.Error['Input does not contain a key [type]: MapLike[{}]']
[08:07:14] [Worker-Main-1/ERROR]: Couldn't parse data file 'minecraft:gold_ingot_from_blasting_raw_gold' from 'minecraft:recipe/gold_ingot_from_blasting_raw_gold.json': DataResult.Error['Input does not contain a key [type]: MapLike[{}]']
[08:07:14] [Worker-Main-1/ERROR]: Couldn't parse data file 'minecraft:gold_nugget_from_blasting' from 'minecraft:recipe/gold_nugget_from_blasting.json': DataResult.Error['Input does not contain a key [type]: MapLike[{}]']
[08:07:14] [Worker-Main-1/ERROR]: Couldn't parse data file 'minecraft:iron_ingot_from_blasting_deepslate_iron_ore' from 'minecraft:recipe/iron_ingot_from_blasting_deepslate_iron_ore.json': DataResult.Error['Input does not contain a key [type]: MapLike[{}]']
[08:07:14] [Worker-Main-1/ERROR]: Couldn't parse data file 'minecraft:iron_ingot_from_blasting_iron_ore' from 'minecraft:recipe/iron_ingot_from_blasting_iron_ore.json': DataResult.Error['Input does not contain a key [type]: MapLike[{}]']
[08:07:14] [Worker-Main-1/ERROR]: Couldn't parse data file 'minecraft:iron_ingot_from_blasting_raw_iron' from 'minecraft:recipe/iron_ingot_from_blasting_raw_iron.json': DataResult.Error['Input does not contain a key [type]: MapLike[{}]']
[08:07:14] [Worker-Main-1/ERROR]: Couldn't parse data file 'minecraft:iron_nugget_from_blasting' from 'minecraft:recipe/iron_nugget_from_blasting.json': DataResult.Error['Input does not contain a key [type]: MapLike[{}]']
[08:07:14] [Worker-Main-1/ERROR]: Couldn't parse data file 'minecraft:lapis_lazuli_from_blasting_deepslate_lapis_ore' from 'minecraft:recipe/lapis_lazuli_from_blasting_deepslate_lapis_ore.json': DataResult.Error['Input does not contain a key [type]: MapLike[{}]']
[08:07:14] [Worker-Main-1/ERROR]: Couldn't parse data file 'minecraft:lapis_lazuli_from_blasting_lapis_ore' from 'minecraft:recipe/lapis_lazuli_from_blasting_lapis_ore.json': DataResult.Error['Input does not contain a key [type]: MapLike[{}]']
[08:07:14] [Worker-Main-1/ERROR]: Couldn't parse data file 'minecraft:netherite_scrap_from_blasting' from 'minecraft:recipe/netherite_scrap_from_blasting.json': DataResult.Error['Input does not contain a key [type]: MapLike[{}]']
[08:07:14] [Worker-Main-1/ERROR]: Couldn't parse data file 'minecraft:quartz_from_blasting' from 'minecraft:recipe/quartz_from_blasting.json': DataResult.Error['Input does not contain a key [type]: MapLike[{}]']
[08:07:14] [Worker-Main-1/ERROR]: Couldn't parse data file 'minecraft:redstone_from_blasting_deepslate_redstone_ore' from 'minecraft:recipe/redstone_from_blasting_deepslate_redstone_ore.json': DataResult.Error['Input does not contain a key [type]: MapLike[{}]']
[08:07:14] [Worker-Main-1/ERROR]: Couldn't parse data file 'minecraft:redstone_from_blasting_redstone_ore' from 'minecraft:recipe/redstone_from_blasting_redstone_ore.json': DataResult.Error['Input does not contain a key [type]: MapLike[{}]']
[08:07:14] [ServerMain/INFO]: Loaded 1588 recipes
[08:07:15] [ServerMain/INFO]: Loaded 1531 advancements
[08:07:15] [Server thread/INFO]: Starting minecraft server version 1.21.8
[08:07:15] [Server thread/INFO]: Loading properties
[08:07:15] [Server thread/INFO]: Default game type: SURVIVAL
[08:07:15] [Server thread/INFO]: Generating keypair
[08:07:15] [Server thread/INFO]: Starting Minecraft server on *:25565
[08:07:15] [Server thread/INFO]: Using default channel type
[08:07:15] [Server thread/WARN]: **** SERVER IS RUNNING IN OFFLINE/INSECURE MODE!
[08:07:15] [Server thread/WARN]: The server will make no attempt to authenticate usernames. Beware.
[08:07:15] [Server thread/WARN]: While this makes the game possible to play without internet access, it also opens up the ability for hackers to connect with any username they choose.
[08:07:15] [Server thread/WARN]: To change this, set "online-mode" to "true" in the server.properties file.
[08:07:15] [Server thread/INFO]: Preparing level "world"
[08:07:16] [Server thread/INFO]: Preparing start region for dimension minecraft:overworld
[08:07:17] [Worker-Main-5/INFO]: Preparing spawn area: 0%
[08:07:17] [Worker-Main-5/INFO]: Preparing spawn area: 0%
[08:07:17] [Server thread/INFO]: Time elapsed: 984 ms
[08:07:17] [Server thread/INFO]: Done (1.342s)! For help, type "help"
[08:08:17] [Server thread/INFO]: Server empty for 60 seconds, pausing
[08:14:03] [Server thread/INFO]: _lhamaa[/127.117.101.185:37664] logged in with entity id 4 at (1196.1950766740092, 73.0, 916.6999999880791)
[08:14:03] [Server thread/INFO]: _lhamaa joined the game
[08:20:11] [Server thread/INFO]: _lhamaa lost connection: Disconnected
[08:20:11] [Server thread/INFO]: _lhamaa left the game
[08:21:11] [Server thread/INFO]: Server empty for 60 seconds, pausing
[08:33:13] [Server thread/INFO]: Stopping server
